Line 17: Class WMPLibCtl.WindowsMediaPlayer of control w was not a loaded control class.
Line 23: The property name URL in w is invalid.
Line 24: The property name rate in w is invalid.
Line 25: The property name balance in w is invalid.
Line 26: The property name currentPosition in w is invalid.
Line 27: The property name defaultFrame in w is invalid.
Line 28: The property name playCount in w is invalid.
Line 29: The property name autoStart in w is invalid.
Line 30: The property name currentMarker in w is invalid.
Line 31: The property name invokeURLs in w is invalid.
Line 32: The property name baseURL in w is invalid.
Line 33: The property name volume in w is invalid.
Line 34: The property name mute in w is invalid.
Line 35: The property name uiMode in w is invalid.
Line 36: The property name stretchToFit in w is invalid.
Line 37: The property name windowlessVideo in w is invalid.
Line 39: The property name enableContextMenu in w is invalid.
Line 40: The property name fullScreen in w is invalid.
Line 41: The property name SAMIStyle in w is invalid.
Line 42: The property name SAMILang in w is invalid.
Line 43: The property name SAMIFilename in w is invalid.
Line 44: The property name captioningID in w is invalid.
Line 45: The property name enableErrorDialogs in w is invalid.
Line 46: The property name _cx in w is invalid.
Line 47: The property name _cy in w is invalid.
