Line 47: Class Zharudar.N_Shape of control N_Shape1 was not a loaded control class.
Line 53: The property name _ExtentX in N_Shape1 is invalid.
Line 54: The property name _ExtentY in N_Shape1 is invalid.
Line 55: The property name Picture_Normal in N_Shape1 is invalid.
Line 56: The property name Picture_Down in N_Shape1 is invalid.
Line 57: The property name Picture_Hover in N_Shape1 is invalid.
Line 58: The property name Stretch in N_Shape1 is invalid.
Line 59: The property name Caption in N_Shape1 is invalid.
Line 60: The property name BackGround in N_Shape1 is invalid.
Line 61: The property name BackColorNormal in N_Shape1 is invalid.
Line 62: The property name BackColorHover in N_Shape1 is invalid.
Line 63: The property name BackColorDown in N_Shape1 is invalid.
Line 64: The property name BorderColorNormal in N_Shape1 is invalid.
Line 65: The property name BorderColorHover in N_Shape1 is invalid.
Line 66: The property name BorderColorDown in N_Shape1 is invalid.
Line 76: The property name BorderCustom in N_Shape1 is invalid.
Line 77: The property name Style in N_Shape1 is invalid.
Line 78: The property name Graphical in N_Shape1 is invalid.
Line 79: The property name ForeColorNormal in N_Shape1 is invalid.
Line 80: The property name ForeColorHover in N_Shape1 is invalid.
Line 81: The property name ForeColorDown in N_Shape1 is invalid.
Line 82: The property name Text_Visible in N_Shape1 is invalid.
